<component name="libraryTable">
  <library name="junit">
    <CLASSES>
      <root url="jar://$USER_HOME$/.p2/pool/plugins/org.junit_4.12.0.v201504281640/junit.jar!/" />
    </CLASSES>
    <JAVADOC />
    <SOURCES />
  </library>
</component>